<?xml version="1.0" encoding="UTF-8"?>
<!-- Generated by org.testng.reporters.JUnitReportReporter -->
<testsuite hostname="DESKTOP-BJLMQ64" failures="0" tests="2" name="testng.Tests" time="123.937" errors="0" timestamp="2023-10-04T00:21:47 IST" skipped="0">
  <testcase classname="testng.Tests" name="Browsertest" time="57.860"/>
  <testcase classname="testng.Tests" name="test2" time="66.077"/>
</testsuite> <!-- testng.Tests -->
